<?xml version="1.0" encoding="UTF-8" standalone="no"?>
<testsuite errors="0" failures="0" name="io.cucumber.core.plugin.JUnitFormatter" skipped="0" tests="1" time="16.825">
<testcase classname="Greenkart order placing" name="Search for vegetables and validate order" time="16.522">
<system-out><![CDATA[Given User is on Greenkart home page........................................passed
When User search for "cucumber".............................................passed
Then "cucumber" details are displayed.......................................passed
]]></system-out>
</testcase>
</testsuite>
